<?xml version="1.0" encoding="UTF-8"?>
<!-- Generated by org.testng.reporters.JUnitReportReporter -->
<testsuite hostname="DESKTOP-LD88KNN" failures="1" tests="8" name="Basic.Simple4" time="0.090" errors="0" timestamp="2022-10-10T12:13:10 PDT" skipped="0">
  <testcase classname="Basic.Simple4" name="testcase2" time="0.029"/>
  <system-out>
    <![CDATA[TestCase2 is passed]]>
  </system-out>
  <testcase classname="Basic.Simple4" name="testcase3" time="0.033">
    <failure message="null" type="java.lang.AssertionError">
      <![CDATA[java.lang.AssertionError: null
at org.testng.Assert.fail(Assert.java:99)
at org.testng.Assert.fail(Assert.java:106)
at Basic.Simple4.testcase3(Simple4.java:28)
at java.base/jdk.internal.reflect.NativeMethodAccessorImpl.invoke0(Native Method)
at java.base/jdk.internal.reflect.NativeMethodAccessorImpl.invoke(NativeMethodAccessorImpl.java:77)
at java.base/jdk.internal.reflect.DelegatingMethodAccessorImpl.invoke(DelegatingMethodAccessorImpl.java:43)
at java.base/java.lang.reflect.Method.invoke(Method.java:568)
at org.testng.internal.MethodInvocationHelper.invokeMethod(MethodInvocationHelper.java:133)
at org.testng.internal.InvokeMethodRunnable.runOne(InvokeMethodRunnable.java:45)
at org.testng.internal.InvokeMethodRunnable.call(InvokeMethodRunnable.java:73)
at org.testng.internal.InvokeMethodRunnable.call(InvokeMethodRunnable.java:11)
at java.base/java.util.concurrent.FutureTask.run(FutureTask.java:264)
at java.base/java.util.concurrent.ThreadPoolExecutor.runWorker(ThreadPoolExecutor.java:1136)
at java.base/java.util.concurrent.ThreadPoolExecutor$Worker.run(ThreadPoolExecutor.java:635)
at java.base/java.lang.Thread.run(Thread.java:833)
]]>
    </failure>
  </testcase> <!-- testcase3 -->
  <system-out>
    <![CDATA[TestCase3 is passed]]>
  </system-out>
  <testcase classname="Basic.Simple4" name="testcase1" time="0.005"/>
  <system-out>
    <![CDATA[TC1]]>
  </system-out>
  <testcase classname="Basic.Simple4" name="testcase1" time="0.003"/>
  <system-out>
    <![CDATA[TC1]]>
  </system-out>
  <testcase classname="Basic.Simple4" name="testcase1" time="0.005"/>
  <system-out>
    <![CDATA[TC1]]>
  </system-out>
  <testcase classname="Basic.Simple4" name="testcase1" time="0.006"/>
  <system-out>
    <![CDATA[TC1]]>
  </system-out>
  <testcase classname="Basic.Simple4" name="testcase1" time="0.005"/>
  <system-out>
    <![CDATA[TC1]]>
  </system-out>
  <testcase classname="Basic.Simple4" name="testcase4" time="0.004"/>
  <system-out>
    <![CDATA[TestCase4 is passed]]>
  </system-out>
</testsuite> <!-- Basic.Simple4 -->
